conda activated?
   HSM7J4NU    MSM79H81    HSM7J4O5    PSM7J15Q  ESM5MEC7_P    HSM5MD7M 
          1           1           1           1           1           1 
   CSM7KOKR    CSM7KORM    CSM7KOKF    CSM7KOTA    HSM7CYZD  PSM7J1CK_P 
          1           1           1           1           1           1 
   PSM7J1CU    PSMA265N   O2.UC41-1  MSM5LLI6_P    PSM7J16Y    HSMA33IG 
          1           1           1           1           1           1 
   MSM6J2HN    MSM79H6D    MSMB4LZ8  CSM5MCWA_P    CSM5MCXT    PSM7J17B 
          1           1           1           1           1           1 
  V1.UC40-1    HSMA33SG    HSMA33S4    HSM7J4RE    CSM79HQZ  MSM5LLHO_P 
          1           1           1           1           1           1 
   CSM79HN6    PSM6XBTR    PSM6XBSE    HSM7J4KA    MSM9VZJB    HSM7J4QF 
          1           1           1           1           1           1 
   CSM7KORU   O2.UC44-1  MSM5LLFU_P    MSM6J2IM    MSM6J2K2    CSM5MCY2 
          1           1           1           1           1           1 
   HSM7CZ1A    HSM7J4LF    HSM7J4HU    MSM6J2JT  CSM67UB7_P  CSM79HGD_P 
          1           1           1           1           1           1 
   HSM7J4PS    MSM6J2RS    MSM9VZF5    MSM9VZFR    CSM5MCXP    PSM6XBUQ 
          1           1           1           1           1           1 
 CSM79HQR_P  CSM7KOR4_P    MSM9VZMI    PSM7J13Q    MSM9VZMS  CSM67UB5_P 
          1           1           1           1           1           1 
   MSM9VZEO    HSM7J4QT  CSM7KOKL_P    PSM7J14N    CSM79HQV  CSM5MCVZ_P 
          1           1           1           1           1           1 
   HSM7J4PI    HSM7J4Q7    HSM67VES  CSM67UB9_P    CSMAHYLR    MSM6J2M3 
          1           1           1           1           1           1 
   HSM5MD71    MSM6J2QJ    HSM6XRS8    HSM7J4G8  PSM6XBTH_P    MSM79H5S 
          1           1           1           1           1           1 
   HSM5MD41    MSM9VZJZ  HSM5MD5D_P    HSM7J4M6    PSM6XBVI    MSM79HAH 
          1           1           1           1           1           1 
   CSM7KORG    PSMA265J    CSM7KONK    PSMA2653    MSM6J2MF  MSM9VZJJ_P 
          1           1           1           1           1           1 
 MSM9VZN4_P  CSM79HJ2_P    MSM9VZFL  CSM5MCXZ_P  ESM5MEAB_P    MSM6J2QD 
          1           1           1           1           1           1 
   HSM7J4Q9    MSM79HF9    HSM67VHF   O2.UC36-0    MSMAPC7J    MSM6J2MD 
          1           1           1           1           1           1 
 HSM5MD4B_P  HSM5MD8J_P    HSM67VD2    CSM67UAK  CSM67U9H_P    HSM6XRQI 
          1           1           1           1           1           1 
   MSM79HDM    PSM7J1CI    CSM7KOTQ    MSMB4LYH    PSM6XBUG    CSM79HIL 
          1           1           1           1           1           1 
   CSM67UBZ  CSM5YRY7_P  HSM6XRTE_P    MSM7J16R    ESM5MEDK    CSM79HNW 
          1           1           1           1           1           1 
   MSM7J16L    PSM7J171    HSM7CYXQ    CSM7KOOZ    MSM79HFW    PSM7J14L 
          1           1           1           1           1           1 
   MSM9VZNX   O2.UC26-1    PSMB4MC7    CSM9X233    MSM79H6Y    CSM5MCZD 
          1           1           1           1           1           1 
  O2.UC29-1    CSM79HOL HSM5MD6A_TR    MSM79HFY    CSM7KOTK    HSM7J4O1 
          1           1           1           1           1           1 
   MSM9VZLB    HSM5MD4N  HSM5MD5B_P    MSM9VZLR    HSM7CZ2E    HSM6XRRD 
          1           1           1           1           1           1 
   PSM7J156    HSM7CYZR    MSM79H8D    CSM7KOSV    CSM7KOK3    O2.UC2-1 
          1           1           1           1           1           1 
 CSM79HHW_P    CSM67U9B   O2.UC20-1    PSMA266M    MSM79HEW    CSM67UFV 
          1           1           1           1           1           1 
   MSM9VZHT    HSM6XRV6    CSM7KOKT    MSM9VZLT    MSM9VZME    CSM9X1XU 
          1           1           1           1           1           1 
   HSM7CZ2H    PSM7J1CG  CSM7KOMR_P  CSM5FZ4G_P    HSM6XRRJ   O2.UC16-1 
          1           1           1           1           1           1 
   MSM6J2LT    CSM79HPS    CSM5MCXR    MSM6J2OJ    HSMA33NA    HSMA33SK 
          1           1           1           1           1           1 
 MSM5LLHG_P  HSM5MD5Z_P    CSM79HLM    CSM7KONA  MSM5LLFG_P    ESM5MEBS 
          1           1           1           1           1           1 
   HSM7CYYD    MSM79H9Q    HSM67VE4    CSM7KOLK    PSM6XBU2    CSM5MCZF 
          1           1           1           1           1           1 
   HSM7CYYH    HSMA33RD    MSM5LLDA  CSM7KOKP_P    MSM9VZEM    CSM79HPU 
          1           1           1           1           1           1 
   MSM9VZL5    PSM6XBTP  ESM5MEDZ_P    HSM6XRQM    PSMA2659    PSM7J16U 
          1           1           1           1           1           1 
   CSMAG78W    HSM5MD5P    PSM7J1A2    MSM79H9M    MSM79HBB    CSM79HHA 
          1           1           1           1           1           1 
   MSM6J2JP CSM79HPA_TR    CSM79HNO  HSM67VGE_P    MSMA26AV    MSMAPC6A 
          1           1           1           1           1           1 
 MSM5LLF2_P    MSM5LLDI    MSM9VZMA    HSM7J4GP  HSM5MD4U_P    PSMA265H 
          1           1           1           1           1           1 
   MSM9VZLP    CSM79HKB    PSM7J1C4    MSMAPC5Z  MSM9VZJF_P    CSM67UB3 
          1           1           1           1           1           1 
 HSM7CYYV_P  MSM5LLIC_P    CSMAAEUA  HSM6XRTC_P CSM67UEW_TR    CSM79HR4 
          1           1           1           1           1           1 
 MSM5LLE3_P    PSM6XBT7    MSM6J2JD    PSM7J12Z    MSM6J2IG   O2.UC21-1 
          1           1           1           1           1           1 
   MSM9VZF3    HSM67VI9    MSM9VZO2    PSM7J179    HSM7J4KM    HSM67VI3 
          1           1           1           1           1           1 
   MSM9VZIM    CSM7KOL4    HSM67VFH    MSM9VZHF    PSM7J14R   O2.UC23-1 
          1           1           1           1           1           1 
 HSM67VCX_P    CSM7KOUL    MSMAPC55    CSM79HM7  CSM5FZ4E_P    HSM67VHD 
          1           1           1           1           1           1 
   PSM7J14X    MSM9VZOY    PSM7J1BL  HSM5MD6O_P    CSM79HIX  HSM5MD57_P 
          1           1           1           1           1           1 
   MSM79HAL    PSM7J15M    PSM7J14T    MSM5LLDM   O2.UC35-1    MSMA26BT 
          1           1           1           1           1           1 
   MSM6J2II    MSM9VZLN    PSM6XBT5  MSM5LLHR_P  CSM79HNG_P    O2.UC3-1 
          1           1           1           1           1           1 
   CSM7KORC    PSM7J186    PSM6XBVK  CSM5MCUG_P    CSM67UBR    MSMA26EZ 
          1           1           1           1           1           1 
 PSM6XBTF_P    HSMA33NC    HSMA33JN    MSM9VZHP PSMA265J_TR  CSM7KOUJ_P 
          1           1           1           1           1           1 
 ESM5MEBA_P    HSMA33OP    MSM9VZLL    MSM79HDG  MSM5FZA2_P    CSM5MCZ7 
          1           1           1           1           1           1 
   HSM67VCZ    PSM6XBV4    HSMA33JP    CSM7KOTS    HSMA33SI  ESM5GEYX_P 
          1           1           1           1           1           1 
 ESM5MEA9_P    HSMA33Q6    PSMA263M  CSM79HG7_P    HSM7J4PQ    CSM7KOMB 
          1           1           1           1           1           1 
   HSM6XRVA    PSM6XBTT    MSM6J2PO    MSM6J2QP    HSM7J4HK    MSMA26EH 
          1           1           1           1           1           1 
   PSMB4MC1  HSM7CYWS_P    MSM9VZLF    HSM7CZ28    PSM7J161    HSM7J4IR 
          1           1           1           1           1           1 
 CSM79HPM_P    HSM7J4K2    MSM6J2RA   O2.UC31-1    MSM6J2PS    PSM7J16B 
          1           1           1           1           1           1 
   MSM79HAJ    PSM7J1B9  MSM5LLGF_P    ESM5MEBU  HSM6XRT6_P    MSM6J2RU 
          1           1           1           1           1           1 
 HSM67VGI_P    HSM7J4HI    CSM7KOL2    HSM67VEE    HSM7J4OB    HSMA33R7 
          1           1           1           1           1           1 
 PSM7J1B3_P    PSMA266Y    CSM9X1ZY    MSMA26ER    MSM5LLDU    PSM6XBR1 
          1           1           1           1           1           1 
   MSM79HBV  CSM6J2H9_P   O2.UC37-1    HSM67VI1   V1.UC58-4    HSM6XRTO 
          1           1           1           1           1           1 
   CSM9X219    PSM7J12F    HSM7J4N8    CSM79HNI   S72_a_WGS    CSM79HIF 
          1           1           1           1           1           1 
   MSM5LLDK    MSM6J2RM    PSMA265D    CSM79HIN    HSM7J4GR    HSM7CZ1G 
          1           1           1           1           1           1 
   HSM67VFF  MSM79HBX_P    PSM6XBTL    MSMAPC5L    MSM9VZHB    HSM7J4PY 
          1           1           1           1           1           1 
   HSM5MD5B    MSM6J2Q1    MSM79HC4    CSMACTZP    MSM79H9G    HSM7J4L5 
          1           1           1           1           1           1 
   HSM7J4IQ    MSM9VZLJ    PSM7J16W    PSM6XBV2    HSM6XRUN    CSM79HHU 
          1           1           1           1           1           1 
   MSM9VZGO HSM67VEM_TR    ESM5MEDU    HSMA33JB  HSM5FZC2_P    MSM9VZPN 
          1           1           1           1           1           1 
   CSM79HQX    PSM7J1BJ  ESM5GEZ1_P  CSM5FZ3Z_P    MSM79H8F    MSM9VZPT 
          1           1           1           1           1           1 
 CSM5MCVD_P    MSM6J2J5    CSM7KOP2    CSM7KOPS    CSM7KORS    CSM5MCY4 
          1           1           1           1           1           1 
   MSM9VZIU    CSMA8M9R    HSMA33O1    CSM79HMN    MSM79HES    CSM9X237 
          1           1           1           1           1           1 
   HSM6XRTQ    HSM7J4PM    PSMA265L   O2.UC48-1    HSMA33MS    MSMA26EN 
          1           1           1           1           1           1 
 MSM79HF1_P    PSM7J17V    MSM79H7W MSM9VZNH_TR    CSM9X21L    HSM7CYYF 
          1           1           1           1           1           1 
   PSMA267F    MSM9VZLZ    PSM7J1BV    HSM7J4HA    MSMB4LZZ    PSMA266O 
          1           1           1           1           1           1 
  S84_a_WGS    CSM79HG5    CSM7KOOJ    HSMA33ME    MSM9VZEY    CSM7KOR2 
          1           1           1           1           1           1 
   MSMA26DI  MSM6J2JF_P    MSM79H7Q    CSM67UDF  CSM7KOQ5_P    MSM6J2OP 
          1           1           1           1           1           1 
  O2.UC14-1    PSM7J1DF    PSM7J1A6    CSM5FZ4M    PSM7J12J  CSM67U9T_P 
          1           1           1           1           1           1 
   HSM6XRVO    MSMAPC6C    HSM7J4M4    ESM718V8    HSM7CYY9    HSM7J4PG 
          1           1           1           1           1           1 
   HSM6XRUX    MSM79H67    MSM6J2KE  MSM5LLGR_P    CSM67UE3  HSM67VFX_P 
          1           1           1           1           1           1 
   HSM6XRTS    HSM67VIB    HSM7CZ1E    MSM5LLGL    HSM67VHH  HSM5FZBQ_P 
          1           1           1           1           1           1 
   MSM79HCK    CSM9X222    MSM9VZFF  CSM5MCUQ_P    MSMA26EJ    MSM9VZJ3 
          1           1           1           1           1           1 
   MSM79H7O    HSM7CZ3A  CSM5LLGB_P    CSM5MCXH    MSMA267X    MSM9VZHL 
          1           1           1           1           1           1 
   CSM79HPK    PSMA266Q  CSM5FZ4K_P    MSM6J2LY    HSM7CYX4  CSM5MCUE_P 
          1           1           1           1           1           1 
   PSM7J19P   O2.UC36-1    PSM7J15S    PSMA269G   S18_a_WGS    HSM7J4JH 
          1           1           1           1           1           1 
   HSMA33M2    MSM79HAR    CSM5MCZB  MSM5LLIM_P    CSM7KOTU    MSM79HF5 
          1           1           1           1           1           1 
   HSM5MD48    HSM67VGG    HSM7J4NY  HSMA33P2_P    CSM9X22K    CSM7KOPM 
          1           1           1           1           1           1 
MSM79HDG_TR  HSM5MD8F_P    HSM7J4QZ    MSM79HBL    MSM6J2LH  CSM79HJ8_P 
          1           1           1           1           1           1 
 PSM6XBW1_P  CSM5FZ44_P    CSM5MCUO    MSM9VZGU    PSM6XBQU    CSM7KOSX 
          1           1           1           1           1           1 
 HSM5MD8B_P    PSM7J17L  MSM5LLHQ_P    MSM9VZGW    CSM79HN2    MSM9VZF1 
          1           1           1           1           1           1 
   MSM9VZGY    HSMA33LB    MSM79HDQ  CSM5FZ4C_P    HSMA33RT    HSM5MD6W 
          1           1           1           1           1           1 
   CSM67UF1 MSM79HF9_TR    HSM5MD6K    CSM67UBF    PSM6XBQY    MSMA26AX 
          1           1           1           1           1           1 
   MSM6J2IK    CSM67UAW    HSM6XRQY    HSM7J4P2    HSMA33NO    HSM67VEI 
          1           1           1           1           1           1 
 HSM6XRTA_P  MSM79H94_P    HSM7J4K4    HSM7J4MS    PSM7J19H    PSM7J173 
          1           1           1           1           1           1 
 CSM5MCVF_P    HSMA33KE  MSM79HD8_P  CSM79HM9_P  CSM5FZ3R_P    HSMA33OZ 
          1           1           1           1           1           1 
   CSM79HP4  CSM7CZ2F_P    HSM5MD6A    CSM79HNE  CSM67U9X_P  CSM79HJI_P 
          1           1           1           1           1           1 
   HSM7CZ3G    CSM79HPA    CSM9X21N    CSM79HNU  PSM6XBSE_P    HSM7J4MA 
          1           1           1           1           1           1 
  O2.UC43-1  HSM67VG2_P    CSM7KOOT    HSMA33NW    HSM67VHJ    PSMA2675 
          1           1           1           1           1           1 
   HSM7J4PW  CSM67U9P_P    MSM9VZIY    MSM79H5U   V1.CD20-0    CSM79HIT 
          1           1           1           1           1           1 
 ESM5GEYU_P    MSM6J2Q7    CSM5MCZ5    HSM7J4KG    PSMA264Q    CSM9X1Y3 
          1           1           1           1           1           1 
   MSM6J2R8    HSM7J4OX    HSM6XRRV    HSM7J4K8    ESM718TM    MSM9VZEQ 
          1           1           1           1           1           1 
   CSM79HGX    MSM6J2HT    MSM9VZOS    MSM9VZLV    CSM79HIH  CSM5MCYU_P 
          1           1           1           1           1           1 
 CSM79HPQ_P HSM67VGK_TR    CSM5MCXN    PSM6XBVQ    PSM7J1A8    CSM79HHO 
          1           1           1           1           1           1 
   HSM6XRUV  HSM6XRQB_P    CSM67U9N    MSM6J2K6    CSM79HOF    CSM79HMT 
          1           1           1           1           1           1 
   HSMA33KQ    PSM7J1BB  HSM5MD49_P    MSM9VZHN    PSM6XBSM    MSM79H69 
          1           1           1           1           1           1 
   HSM67VFD    HSM67VIL    HSM6XRVK    MSM6J2JR    MSM6J2IY    MSM6J2QH 
          1           1           1           1           1           1 
   HSM7J4OP    CSM67UC6    CSM7KORK    HSMA33J7    HSM6XRV8    PSMA263W 
          1           1           1           1           1           1 
   HSM6XRQO    MSM6J2HH    CSM67UAM    HSMA33MI    HSM7J4NA    CSM79HLG 
          1           1           1           1           1           1 
   CSM79HOV    MSM9VZLD    MSM6J2QB    HSMA33R1    PSM6XBS8  HSM7CZ2L_P 
          1           1           1           1           1           1 
 CSM5FZ3T_P    MSM9VZI6    MSMA26BD    PSM6XBVM    MSM6J2Q9  ESM5MEDP_P 
          1           1           1           1           1           1 
 HSM7J4JT_P    HSMA33KO    HSM5MD53 MSM9VZEK_TR    HSM7J4LP    PSM7J1AM 
          1           1           1           1           1           1 
   HSM7J4OV  MSM5LLIG_P    HSM67VI7    CSM67UF5    MSM79H65    CSM9X1ZO 
          1           1           1           1           1           1 
   MSM79H63    CSMAIG7X    HSM5MD6M    MSMAPC66    CSM5MCX3    CSM7KON2 
          1           1           1           1           1           1 
   MSM6J2KC    PSM7J17X    CSM79HOH    PSM7J154    HSM5MD6Y    CSM79HIJ 
          1           1           1           1           1           1 
 HSM5MD59_P    HSM7CZ18    HSM7J4HM  CSM5MCTZ_P  CSM5FZ3N_P  CSM79HGF_P 
          1           1           1           1           1           1 
 MSM6J2M3_P    HSMA33MX    CSM67UBB    CSM7KOOX  HSM5MD5X_P    HSM7J4IW 
          1           1           1           1           1           1 
   PSMA267D    CSM5MCY8  CSM5MCUY_P    MSM9VZF7    HSM7CZ2Z    CSM7KOLM 
          1           1           1           1           1           1 
   MSM79H83    HSM6XRQU  ESM5MEB9_P  PSM6XBQM_P    PSM7J184  HSM7CZ1T_P 
          1           1           1           1           1           1 
   HSMA33OV    MSMAPC57    CSM79HPO    CSM79HGF    MSMA26CX    PSMA265T 
          1           1           1           1           1           1 
   CSM9X21R    CSM67UE7    PSMA265B    HSM7CYZJ    HSM6XRTG    HSM6XRSN 
          1           1           1           1           1           1 
   PSM7J1AQ    HSMA33PN    MSM79H7E    HSM7CYY3    HSM6XRSG    PSMA263U 
          1           1           1           1           1           1 
   CSM9X21T  CSM79HJ4_P   S87_a_WGS    HSM7J4JD    HSM7J4I3    MSM9VZFT 
          1           1           1           1           1           1 
   HSM7J4IC  CSM67UF1_P    CSM7KOKJ    CSM7KOKN    CSM9X23B    PSM7J19F 
          1           1           1           1           1           1 
   HSM7CYY7    MSM79HBT    CSM79HGP   O2.UC13-1    ESM7F5CB    HSM6XRST 
          1           1           1           1           1           1 
   HSM67VF9    MSM9VZL7    MSM9VZOQ  CSM67U9R_P    MSM9VZKE    HSMA33JR 
          1           1           1           1           1           1 
   HSM6XRR7    CSMAH393    CSM7KOPO    CSM7KORI    PSMA264W    CSM67UFZ 
          1           1           1           1           1           1 
   MSM6J2JN    HSMA33OT    ESM7F5CD    CSM79HP2    CSM7KOJQ    CSM7KOSL 
          1           1           1           1           1           1 
   HSM6XRVW    PSMA26A1    HSM7J4KK  HSM5MD7Z_P    HSMA33LH    MSM6J2K8 
          1           1           1           1           1           1 
   CSM79HH8  MSM5FZ9N_P    HSM7CZ3C    HSM7J4ME  CSM67UAI_P    HSM7J4NE 
          1           1           1           1           1           1 
 CSM67UEW_P    HSM5MD4Y    HSMA33MK    HSM5MD7J  HSM5MD8N_P    HSM7J4OT 
          1           1           1           1           1           1 
   PSMA266I    ESM5MEDD    PSM7J18Q    HSM7CZ1Z    CSM79HMP  HSM67VDX_P 
          1           1           1           1           1           1 
   HSM7J4G1    PSMA269S    MSM79HEY    MSMA26BR  MSM5LLHX_P  HSM5MD8P_P 
          1           1           1           1           1           1 
   HSM6XRVC    CSM7KOKB  HSM6XRT4_P  ESM5ME9G_P    CSM79HOJ    HSM7CYZB 
          1           1           1           1           1           1 
   HSM7J4HW  CSM5FZ3X_P    HSM67VID    MSM79H8B    MSM9VZES    MSM79HEU 
          1           1           1           1           1           1 
   PSM7J17D    MSM9VZFN    HSM5MD66    HSM7J4N6    MSM79H9C  HSM5MD6E_P 
          1           1           1           1           1           1 
   HSMA33NY    HSM7CYZ9    PSM7J18I    PSMA269O    HSM7CYY5    HSM67VEQ 
          1           1           1           1           1           1 
 CSM5MCXX_P  CSM5MCW4_P    HSM7J4MK    MSMA26DG    MSM79H6N    CSM67UGC 
          1           1           1           1           1           1 
   CSM79HJA   V1.UC54-4    HSM67VG8    CSM7KOP8    MSM79HDK   O2.UC24-1 
          1           1           1           1           1           1 
   HSM7J4Q1    O2.UC1-1    MSMA26BN    PSM6XBT3    HSM67VEG    HSM6XRVU 
          1           1           1           1           1           1 
   CSM67UG8    MSM9VZNL    PSM7J177    CSM7KOK7  CSM5FZ42_P    HSM6XRT8 
          1           1           1           1           1           1 
 CSM7KOMV_P    CSM67UAO  HSM5MD4W_P    HSMA33JZ    CSM79HOT    PSMB4MBK 
          1           1           1           1           1           1 
   HSM7J4OL    HSM7J4O9    MSM5LLDE    MSM9VZOG    MSM79H6F    MSM9VZKI 
          1           1           1           1           1           1 
   MSM79H7M  MSM79H8J_P  PSM6XBSC_P    HSM67VEW    CSM7KOU9  HSM5FZBP_P 
          1           1           1           1           1           1 
   HSM67VGK    HSM7J4KC    MSMA26DM    ESM718TK    MSM9VZIS  PSM7J19X_P 
          1           1           1           1           1           1 
 HSM6XRQC_P HSMA33LH_TR  CSM5MCWI_P    MSM79H8H    MSM9VZHJ    MSM79H6H 
          1           1           1           1           1           1 
 CSM5MCYO_P  PSM6XBRM_P    CSM7KOMT    HSM7J4NS    PSM7J15I   O2.UC11-1 
          1           1           1           1           1           1 
   MSM6J2LV    HSM7CZ24    CSM7KOPG    MSM9VZLH    HSM67VEM  HSM6XRQE_P 
          1           1           1           1           1           1 
 MSM5LLGD_P    CSM7KOLY    MSM79HCI    HSM7J4HQ    CSM7KOSP  HSMA33J1_P 
          1           1           1           1           1           1 
   MSM9VZP3    HSM7J4QB    HSMA33RF    MSM9VZHZ    CSM7KOLE    PSM7J13I 
          1           1           1           1           1           1 
   CSM7KOST    HSM6XRV2    CSM67UGO    ESM718V4  HSM5MD43_P  HSM5MD6I_P 
          1           1           1           1           1           1 
   HSM67VD4    CSM5MCWQ    PSMA267J    MSMAPC6G    PSM7J13M    CSM67UDJ 
          1           1           1           1           1           1 
   MSM79H5Y    MSM9VZI2  MSM5LLD6_P  MSM5LLIK_P    MSMAPC7R    CSM5MCXL 
          1           1           1           1           1           1 
 CSM5MCUK_P    MSM79HDE    CSM79HKT    MSM6J2ON    MSM79HDS    MSM79H5A 
          1           1           1           1           1           1 
   CSMA9J65    HSM7CYXC    HSMA33J5    MSM79HBR    PSM6XBUM    ESM718SY 
          1           1           1           1           1           1 
   HSM7J4HS    CSM7KOUN    CSM9X23N    HSM67VDZ    MSM79H54    CSM9X215 
          1           1           1           1           1           1 
   MSM9VZEU  CSM67U9V_P    CSM67U9H    MSM6J2MJ    HSMA33IC    MSM9VZOI 
          1           1           1           1           1           1 
   MSM9VZEW    MSMA26BL  PSM7J1C2_P  HSM5MD8L_P    MSM9VZPH   S79_a_WGS 
          1           1           1           1           1           1 
   HSMA33KM    HSM7J4M8    MSM6J2Q3    HSMA33J3  CSM5MCWK_P  PSM7J1BN_P 
          1           1           1           1           1           1 
   PSMA266U    O2.UC4-1    HSM7J4J9  CSM79HGL_P    HSM6XRS6  MSM9VZM4_P 
          1           1           1           1           1           1 
   HSM7J4L9    CSM7KOJY   O2.UC40-1    HSM7J4IO    CSM9X21J    HSM7J4IS 
          1           1           1           1           1           1 
   MSM5LLEP    MSM6J2LW  PSM7J143_P  CSM79HJC_P    ESM5MEB7    PSMA267H 
          1           1           1           1           1           1 
   CSM9X235  CSM7KONS_P    PSM7J15K    MSM6J2HD    HSM7J4HC    HSMA33R5 
          1           1           1           1           1           1 
   HSM7J4JP    HSM6XRR5    HSM5MD3Y    HSM5MD6Q  MSM5LLI8_P  PSM6XBS4_P 
          1           1           1           1           1           1 
   PSM7J19N    HSM7CZ32    MSM9VZIO  ESM5MEA7_P    CSM79HLC    MSM79HAN 
          1           1           1           1           1           1 
   PSMA265F    CSM79HJW    CSM79HOX    MSM79HBP    PSM7J19J    PSM7J16H 
          1           1           1           1           1           1 
 MSM5ZOJY_P    CSM9X22I    HSMA33PX    HSM7CZ26    MSM6J2RQ    HSM6XRR3 
          1           1           1           1           1           1 
   HSM6XRUL    MSM79H87    CSM5MCVL    HSM7CYYP  CSM5FZ4A_P    HSMA33LZ 
          1           1           1           1           1           1 
   CSM5MCZ3   V1.UC39-4    PSM6XBT9    HSM7J4GD  PSM6XBTZ_P    HSM7J4JF 
          1           1           1           1           1           1 
   HSMA33OD    CSM7KOJE    HSMA33KS    MSM6J2KM  CSM5MCYI_P    MSM7J16J 
          1           1           1           1           1           1 
   CSM9X213    PSM7J15A    MSMAPC6M    HSMA33IK    PSM7J14P    PSM7J1BF 
          1           1           1           1           1           1 
   ESM5MECL    MSM9VZOO    PSM7J18E  CSM7KOR8_P    MSM9VZOW  MSM5LLHI_P 
          1           1           1           1           1           1 
 HSM5MD6U_P    ESM5GEXY    HSM7J4O7    CSM5MCYS    CSM5MCXJ    MSMB4LZC 
          1           1           1           1           1           1 
   HSM7CYXA    PSM7J1C8    CSM67UEW  HSM6XRSZ_P    PSM7J18G    CSM79HI3 
          1           1           1           1           1           1 
   CSM7KOJG    ESM718T9    MSM79H9A    HSM7J4PC  MSM9VZFJ_P    CSM7KOOV 
          1           1           1           1           1           1 
   MSM6J2Q5    ESM7F5C5    MSMA26AL    CSM7KOK1    CSM7KOTO  HSM67VDR_P 
          1           1           1           1           1           1 
   S6_a_WGS    ESM5MEC5  CSM5MCUA_P    HSM7J4R2  ESM7F5AE_P    HSM67VDP 
          1           1           1           1           1           1 
   PSM7J193    MSM6J2R2    PSM7J1BR    MSM9VZOM  MSM5LLIS_P  HSM5MD8A_P 
          1           1           1           1           1           1 
   HSM67VIF   O2.UC12-1    CSM9X1ZQ  HSM5MD44_P    HSM67VFX    HSM7J4PA 
          1           1           1           1           1           1 
   PSM7J1BD    HSMA33OL    HSMA33MG    CSM67UAQ    MSMAPC6K    MSM79H5K 
          1           1           1           1           1           1 
   CSM67UDN   O2.UC32-1    CSM7KOPK    MSMA26EL    HSM7J4HO    PSM7J1BP 
          1           1           1           1           1           1 
   CSM7KOTC    CSM79HKX    MSM79H7C  CSM7KOKH_P    HSM5MD7Q    MSM6J2LR 
          1           1           1           1           1           1 
   MSMAPC5B  HSM7CZ2V_P    HSM7CZ1C  HSM5MD47_P    HSM7J4NC    MSM9VZFH 
          1           1           1           1           1           1 
   HSM67VHK    PSM7J13Y    MSM79H5G    MSM6J2HR    HSM67VFJ    PSM7J15G 
          1           1           1           1           1           1 
 CSM5MCVV_P    CSM5MCXD    CSM79HJS    PSM7J1BX    HSM7J4KQ  HSM5MD4A_P 
          1           1           1           1           1           1 
   MSM5LLHC    MSMA26BH    PSM7J141    PSM7J19T    MSMAPC6E  PSM7J13U_P 
          1           1           1           1           1           1 
   CSM7KOPW    CSM7KONU  CSM5FZ46_P    MSM79H7G CSM67UDR_TR  HSM5MD6K_P 
          1           1           1           1           1           1 
   MSM79HEA    HSM7J4MY  MSM5LLH4_P  MSM5LLIQ_P    HSMA33RX    CSM79HKZ 
          1           1           1           1           1           1 
   HSM7CYXS    MSMAPC59    PSMA264S    CSM7KOMH    CSM7KOS7 PSM6XBQY_TR 
          1           1           1           1           1           1 
   HSM7J4NO    HSM6XRS2    CSM7KOOP    ESM718T7  HSM5FZBR_P    PSM7J12V 
          1           1           1           1           1           1 
 CSM5MCWM_P    HSM67VEO    PSM6XBSK   O2.UC38-1    MSM5LLER    MSM9VZMO 
          1           1           1           1           1           1 
   ESM7F5AK  MSM5LLI2_P    HSM6XRRB   V1.UC56-1  PSM7J13Y_P    MSMA267V 
          1           1           1           1           1           1 
 HSMA33NG_P    PSM6XBT1 PSM6XBRK_TR    HSM7CYXI  HSM5MD3L_P    PSM7J1B7 
          1           1           1           1           1           1 
   CSM79HP6    PSM7J1AU  PSM6XBS2_P   O2.UC22-1    HSM67VFR    HSM7J4LD 
          1           1           1           1           1           1 
   PSMA265X    MSM6J2QL  HSM67VG6_P  HSM5MD5F_P    MSM79HCG  HSM5MD8H_P 
          1           1           1           1           1           1 
   HSM7J4PK    MSMB4LZV    MSMA26AP    MSM6J2SK    CSM79HIV    MSMA26AN 
          1           1           1           1           1           1 
   ESM5MEDN    MSMA26DK    HSMA33LX    HSMA33OJ    HSMA33QO    PSM7J1A4 
          1           1           1           1           1           1 
   HSM7CYXO    MSM79HA1    CSM67UAA  HSM5MD82_P  HSM6XRSX_P    HSM67VGA 
          1           1           1           1           1           1 
   PSM7J13K    MSMB4LZX    HSMA33O3    PSM7J17F    HSM7CYZL    MSM79H6B 
          1           1           1           1           1           1 
   MSM79HCP    CSM79HK9    HSM7J4HG    HSM7J4I7    PSM6XBVO  ESM5MEE2_P 
          1           1           1           1           1           1 
   HSMA33PL  MSM5LLFK_P    CSM67UAU  MSM5LLE9_P   O2.UC30-1  ESM5MEEJ_P 
          1           1           1           1           1           1 
 MSM6J2RG_P    MSMA26BV    HSM67VFZ    MSMA2688    PSMA267R    HSM7J4I5 
          1           1           1           1           1           1 
   HSMA33MA    CSM79HNK    CSM79HLE   V1.UC47-4    MSMAPC7T    HSM67VH1 
          1           1           1           1           1           1 
 HSM5MD5K_P  HSM7J4Q3_P    HSM67VGY    ESM7F5AM    HSM7CYX6  CSM79HGR_P 
          1           1           1           1           1           1 
 PSM6XBRK_P    PSM6XBW3   O2.UC27-1 MSM79HDQ_TR    CSM67UBN    CSM79HQF 
          1           1           1           1           1           1 
 MSM79H52_P    PSM7J127  CSM5MCYQ_P    MSM5LLDC    HSM6XRUR    PSM6XBUI 
          1           1           1           1           1           1 
   MSMB4LXY  MSM5LLHE_P    MSM9VZNR    PSM7J182  CSM5MCYM_P    PSM6XBUK 
          1           1           1           1           1           1 
   CSM7KOPI    HSMA33R9    MSM6J2JZ    CSM9X23H    MSM9VZL9    CSM79HHW 
          1           1           1           1           1           1 
 MSM5LLH2_P    MSMB4LZR    CSM79HKV    HSM6XRSI    MSMA26EP    CSMAE44D 
          1           1           1           1           1           1 
   HSMA33QM    PSM6XBSI    CSM67UBH    MSM9VZHX  PSM6XBVY_P    MSM79HBN 
          1           1           1           1           1           1 
   HSM5MD79    MSM6J2RO    MSM6J2LB    MSM9VZNZ    PSM7J17Z    MSM7J16N 
          1           1           1           1           1           1 
   MSM6J2MH    ESM5ME9U    HSM7J4QJ    HSM7J4KO  CSM5MCUW_P    HSMA33OX 
          1           1           1           1           1           1 
   HSM7CYYB    MSMA26BB    CSM67UDY    CSM7KOKD    HSM7CZ14    ESM5MEBI 
          1           1           1           1           1           1 
 CSM79HGH_P    MSMA26BJ    MSM6J2HP    MSM79HDA    PSM6XBTX    CSM79HPC 
          1           1           1           1           1           1 
   HSM6XRQB    CSM67UBX    PSM6XBS4    HSM7CYX8   O2.UC47-1    CSM7KOKZ 
          1           1           1           1           1           1 
   O2.UC9-1    MSM79HA3  HSM5MD5H_P MSMA26AZ_TR    HSM5MD6C    MSM9VZIQ 
          1           1           1           1           1           1 
   MSM6J2IQ    MSMA26BF  PSMA2651_P    MSM9VZMM  CSM67UET_P    HSM7J4PE 
          1           1           1           1           1           1 
   MSM9VZMW    MSM6J2ML    MSM6J2RC    PSM7J1DL    CSM7KOON  ESM5MEE6_P 
          1           1           1           1           1           1 
   CSM79HLK    HSM67VDT    MSMAPC7P    CSM5MCWC    HSMA33NQ    PSM7J19Z 
          1           1           1           1           1           1 
   MSM79HA7    MSM79HDI    MSMB4LZK  CSM5FZ3V_P    CSM79HQ9    HSM7CZ2A 
          1           1           1           1           1           1 
   MSM9VZIW    MSMA26AZ    PSM7J199    MSM79H89    HSM7J4J7    HSM7J4PO 
          1           1           1           1           1           1 
   PSM7J15W    MSM7J16P    CSM7KOP6    HSM7CZ3E    HSMA33J9  MSM5LLHA_P 
          1           1           1           1           1           1 
   HSM7J4ON    HSM7CYZ5    HSM6XRSX    MSM79HDC    HSM6XRQS    HSMA33N4 
          1           1           1           1           1           1 
   ESM718UH    MSM5LLF8  MSM6J2PQ_P  ESM5MEBP_P    HSM6XRV4    MSM6J2MB 
          1           1           1           1           1           1 
   HSM6XRTM    CSMAF72L    HSM7J4IP  HSM5MEE5_P    HSM7CYZV    PSM7J1AO 
          1           1           1           1           1           1 
   MSMA26ET    CSM7KOQX  CSM5MCUC_P    CSM7KORO    MSMAPC5H    MSM9VZMU 
          1           1           1           1           1           1 
   MSM79HFB    HSM7J4KI    ESM5MEC9    PSMA2671    PSM7J15U    MSM6J2LN 
          1           1           1           1           1           1 
 HSM6XRTG_P    CSM79HLA  ESM5GEZA_P    HSM6XRS4  PSM6XBTN_P CSM79HLA_TR 
          1           1           1           1           1           1 
   CSM7KOMP    HSM7CZ38    MSM79H58    CSM79HQB  CSM5MCXB_P    HSM7CYZF 
          1           1           1           1           1           1 
 PSM6XBSG_P    PSMA264O    HSM7J4IU    MSM79HBZ    MSM5LLDQ    MSMA26AR 
          1           1           1           1           1           1 
   MSMAPC5D    ESM7F5C7    HSM5MD4O    CSM67UEI    MSM6J2KA  MSM6J2JH_P 
          1           1           1           1           1           1 
   CSM7KOOH  ESM5GEZ6_P    MSM6J2LJ    MSM6J2OH    PSMB4MBS    HSMA33L1 
          1           1           1           1           1           1 
  O2.UC17-1    HSM5MD7O  HSM5MD7W_P    PSMA263S    ESM5MEBG  MSM633FF_P 
          1           1           1           1           1           1 
  S67_a_WGS    HSM7J4K6   O2.UC18-1    MSM79H8L    MSM6J2RK    CSM5MCVN 
          1           1           1           1           1           1 
   HSM5MD7U    CSM79HL6    HSM5MD6I  CSM7KOQZ_P    HSM7J4I9  S153_a_WGS 
          1           1           1           1           1           1 
 MSM5LLHV_P    HSMA33M8    MSM9VZMC    ESM5MED2    HSM7J4HE    HSM6XRQ8 
          1           1           1           1           1           1 
   CSM79HOZ  HSM67VGA_P  MSM5FZ9X_P    PSM7J13E    CSM79HJY   O2.UC19-1 
          1           1           1           1           1           1 
 HSM6XRT2_P    HSM7J4HY    ESM718TF    PSM6XBUO    PSM7J163  HSM7CYYR_P 
          1           1           1           1           1           1 
   CSM79HJM    MSM79H98    MSM79H9K    HSM67VHB  MSM5LLGH_P    MSM79H85 
          1           1           1           1           1           1 
   CSM7KOOL    HSMA33MZ    MSM79H8N    PSM6XBVS    MSM6J2J3  CSM7KONW_P 
          1           1           1           1           1           1 
   MSM5LLDS  ESM5GEZ3_P    HSMA33SE    CSM79HJO    MSM6J2JB    HSMA33PZ 
          1           1           1           1           1           1 
   HSMA33IO    CSM7KOPU  HSM5MD4P_P    PSM7J12R    CSM79HIR    MSM6J2PW 
          1           1           1           1           1           1 
   HSM7J4N4    CSM9X211    HSM7CZ36    MSMB4LZP    HSM7CZ22    CSM67UEA 
          1           1           1           1           1           1 
 CSM5MCU8_P    PSM7J17T    MSM6J2HL    MSM6J2K4    PSMA2668    PSM6XBSO 
          1           1           1           1           1           1 
   MSM6J2LL    CSM7KON8    HSM6XRVM    CSM9X22U  ESM5GEZ4_P    CSM67U9D 
          1           1           1           1           1           1 
   HSM5MD73  HSM5MD6S_P  CSM79HH2_P    HSM6XRQW  ESM5ME9H_P    CSM7KOJO 
          1           1           1           1           1           1 
   CSM67U9J    O2.UC5-1    MSM6J2HF    HSM67VEK    ESM5MEDF    MSM79H9Y 
          1           1           1           1           1           1 
   PSM7J136    CSM9X22G    HSMA33LJ  HSM7CZ2J_P    PSM6XBSS    HSMA33IS 
          1           1           1           1           1           1 
 HSM67VIJ_P    MSM6J2QR    CSM7KOLA  CSM67UCU_P  HSM7CZ2X_P    HSMA33QY 
          1           1           1           1           1           1 
   MSM5LLF6    MSM6J2J1    PSM7J19B   O2.UC46-1    CSM79HHM    MSMB4LXS 
          1           1           1           1           1           1 
   MSM79HCR    HSM7CZ1V    HSM5FZBZ   S50_a_WGS    CSM67UDR   V1.UC38-4 
          1           1           1           1           1           1 
   HSM7J4JJ    CSM79HIZ    HSM7CYXG    MSMA26AT    HSM7J4QH  HSM7J4JV_P 
          1           1           1           1           1           1 
   HSMA33MC  HSM5MD87_P    HSM6XRSE    HSMA33IE    CSM9X1Y5    CSM67UAS 
          1           1           1           1           1           1 
   HSM5MD43    CSM67UH7    HSM5MD62    MSM9VZOU    HSM6XRQK    HSM67VGC 
          1           1           1           1           1           1 
   PSMA269W    HSM5MD7K    CSM79HR2    HSMA33LP    HSM7J4PU    MSM79H9W 
          1           1           1           1           1           1 
   MSM6J2HJ    CSM7KOJW    MSM9VZPL    MSM79HF7  CSM79HGV_P    PSM7J4EF 
          1           1           1           1           1           1 
HSM6XRVC_TR    HSM67VEC  MSM5LLFO_P    MSM79HC8    MSM9VZKC    CSM5MCXV 
          1           1           1           1           1           1 
   HSM7CYXE    ESM5MECQ    PSM6XBTB  MSM5LLGJ_P    HSM67VHW    PSM7J12D 
          1           1           1           1           1           1 
   HSMA33P6    CSM79HO1    MSM79HAT    PSMB4MC5    HSMA33OR    HSMA33MV 
          1           1           1           1           1           1 
 MSM5LLFM_P    MSM6J2SE    MSMAPC6O    CSM7KOUB    ESM9IEP1    HSM7CYZ7 
          1           1           1           1           1           1 
   MSM6J2IE  CSM79HM5_P    HSM5MD75    MSM9VZGS    PSMA26A3    MSM79HDU 
          1           1           1           1           1           1 
   PSM7J1AS    PSM6XBSA    PSM7J18M    CSM5MCW6    MSMB4LXW    CSM7KOSH 
          1           1           1           1           1           1 
 MSM79HCN_P  HSM67VDT_P    CSM7KOJS  CSM5MCUS_P    MSMA2684    MSMA26CV 
          1           1           1           1           1           1 
 CSM79HGJ_P    HSM7J4MC  CSM5MCU4_P    MSM9VZP1    MSM6J2PU    MSM6J2PK 
          1           1           1           1           1           1 
   HSMA33JD    PSM6XBQS    HSM7J4OZ    MSM9VZHR    CSM79HH4  MSM5LLH8_P 
          1           1           1           1           1           1 
   HSM7CYZT    MSMB4LZ4    MSM79H6J    CSM7KOPE    HSM6XRUZ    MSM79H7Y 
          1           1           1           1           1           1 
   CSM7KOMX    MSM6J2PM    PSM7J19R  ESM5ME9D_P    HSM7J4QL    CSM7KOJU 
          1           1           1           1           1           1 
   PSMA264U  MSM79HD6_P    HSM7CZ16  MSM5LLGN_P    CSM5MCYW    HSM67VHS 
          1           1           1           1           1           1 
   PSM7J169    HSM7J4OE    PSMA267P  MSM5LLI4_P    HSMA33RR    MSM5LLF4 
          1           1           1           1           1           1 
   HSM7J4O3  CSM79HQT_P    CSM67UB1  HSM5MD8D_P    MSM9VZH7    HSM7J4NM 
          1           1           1           1           1           1 
 CSM7KOU7_P    MSM79HB6    ESM5MEC3    HSM7J4QD    CSMA88CB    PSM7J12B 
          1           1           1           1           1           1 
   CSM67UAY    CSM79HL4    PSMA264K    MSM6J2QF    PSM6XBSU    CSM67UB9 
          1           1           1           1           1           1 
 PSM7J1CS_P    CSM7KOK5    CSM67UA2 HSMA33RX_TR    CSM7KOMZ    HSM67VD6 
          1           1           1           1           1           1 
   MSM6J2IO    MSM79H6L    HSM7J4MW  CSM67UEP_P    HSMA33IA    MSMB4LYB 
          1           1           1           1           1           1 
   HSM67VI5  MSM5LLIE_P    HSM67VHQ    CSM9X1YV    CSM79HR6    MSM79H5Q 
          1           1           1           1           1           1 
   PSM7J158    CSM79HGZ    CSM79HI7    ESM7F5CF    HSM7J4JZ    HSM5MD7S 
          1           1           1           1           1           1 
   HSMA33KU MSM9VZMA_TR    HSM5MD5D    CSM79HJQ    MSM6J2OL    MSM9VZEK 
          1           1           1           1           1           1 
   HSM67VF3    MSM9VZNH    CSM79HM1  CSM79HJ6_P    MSMAPC64    MSMA26BX 
          1           1           1           1           1           1 
 CSM7KOQP_P    PSMB4MC3    PSM7J18K    CSM5MCWE    CSM67UCK    HSM7J4JN 
          1           1           1           1           1           1 
   HSM7CYX2    MSM79HF3    CSM5MCWG    CSM79HID    ESM5MEBE    CSM7KOSJ 
          1           1           1           1           1           1 
   PSM7J16F    PSM7J15O  MSM79H9U_P    HSM67VEU    PSM6XBRK    MSM79H5E 
          1           1           1           1           1           1 
   MSM6J2SI  CSM5MCVJ_P    PSMB4MBI    CSM9X22S    CSM79HLI    CSM7KOQ1 
          1           1           1           1           1           1 
  S43_a_WGS    MSM79H5M    CSM79HJU    PSM7J1CC  CSM5MCXF_P   S26_a_WGS 
          1           1           1           1           1           1 
 CSM79HGN_P    MSMA26DO    CSM79HIB    CSM79HNM    CSM67UAG    CSM67UEM 
          1           1           1           1           1           1 
   MSM79HDO    MSM9VZOK 
          1           1 
   Min. 1st Qu.  Median    Mean 3rd Qu.    Max. 
0.09075 0.94411 0.99159 0.91786 0.99820 0.99940 

HMP_2019_ibdmdb     IjazUZ_2017        LiJ_2014 
           1608              11              45 
