conda activated?
 F-034C1A       A16 F-053-C1U  F-033C1A  F-006C1A F-051-C2U F-044-C1A       N17 
     5221       953      5029      5068      2763      5215      6558      2114 
F-050-C2U F-049-C1U  F-022C1A F-037-C2U  F-027C1A       N16  F-016C1A  F-015C1A 
     3307      4664      5418      4143      7139      1229      3487      3857 
F-041-C1A       N02       A01       A13  F-016C2U  F-029C1A F-039-C1A  F-011C1A 
     4002      1320      2631       481      4585      7243      4546      9590 
 F-019C2U       N01 F-055-C1U  F065-C1A       N07       N15       N18       N13 
     4435      1860      7807      4595      1797      1995       197      1210 
 F-018C1A  F-031C1U  F-024C2U F-045-C1A F-062-C1A  F-027C2U       N06 F-052-C1U 
     5855      8314      7696      6975      3381      6446      1244      7779 
F-038-C1A  F063-C1U  F-003C2U F-048-C1A       A14  F-002C1A F-058-C2U       A09 
     5792      4247      5548      4217      1476      9919      2831      2006 
 F-015C2U  F-004C2U  F-005C1A  F-017C1A  F-024C1A F-037-C1A  F-019C1A F-046-C2U 
     4622      5041      5633      8141      5106      3717      4460      8143 
 F-020C1A       A03       A11 F-061-C2U  F-013C1U  F-001C2U  F-023C2U       N08 
     4947       811      1722      5009      4410      9299      2758       936 
F-057-C1A F-042-C1A       N11 F-056-C1A  F-012C1A  F-010C1A F-043-C1A       N12 
     5322      3322      2244      4787      6033      3394      4518       896 
 F-029C2U       N19 F-039-C2U F-051-C1A  F-025C2U F-046-C1A  F064-C1A F-042-C2U 
     6228      1988      3723      5124      5396      4285      6426      3892 
 F-014C1A       N03 F-040-C1A       A17  F-014C2U       N09  F-025C1A       N20 
     5464       555      4188      1905      6641      1714      4381      1847 
 F-004C1A       N10 F-060-C1A F-054-C1A  F-007C2U       A10       A02       N04 
     8001      1527      3934      5042      4120      3766      1700      1731 
F-057-C2U  F-008C2U  F-009C1A F-050-C1A  F-021C1A F-058-C1A       A19 F-062-C2U 
     3774      4048      4208      3643      7089      2703      2911      7161 
      A08 F-041-C2U  F-008C1A F-035-C1A  F-028C1A  F-023C1A       A07       N05 
      599      3008      1566      6235      6077      7160       938      1160 
 F-030C1A  F-026C1A F-054-C2U  F-002C2U       A15  F-018C2U       A18 F-036-C1A 
     6307      4774      4425      5496      1131      8074      1409      6031 
F-044-C2U  F-021C2U  F-009C2U  F-022C2U F-061-C1A F-047-C1A  F066-C1A  F-030C2U 
     3855      4302      2113      5244      4109      3836      3215      6662 
F-059-C1A  F-020C2U  F-007C1A       A12  F-028C2U  F-001C1A  F066-C2U       A04 
     6154      7698      3867      3427      5757      7366      7987      1501 
      N14       A06  F-003C1A       A05  F-017C2U  F-032C1A 
     1817      1027      8702      3161      6965      7916 
   Min. 1st Qu.  Median    Mean 3rd Qu.    Max. 
 0.0000  0.2342  0.6866  0.5834  0.9173  0.9859 
     
      asd_son autism_kb
  ASD      59        19
  H        44        20
null device 
          1 
null device 
          1 
